<?xml version="1.0" encoding="UTF-8"?>
<!-- Generated by org.testng.reporters.JUnitReportReporter -->
<testsuite hostname="SST-TOWER-022" failures="0" tests="3" name="Java.java2" time="20.968" errors="0" timestamp="2024-12-27T18:29:57 IST" skipped="0">
  <testcase classname="Java.java2" name="edge" time="4.066"/>
  <system-out/>
  <testcase classname="Java.java2" name="edge" time="16.896"/>
  <system-out/>
  <testcase classname="Java.java2" name="invocation" time="0.006"/>
  <system-out/>
</testsuite> <!-- Java.java2 -->
